This is pdfTeX, Version 3.14159265-2.6-1.40.17 (TeX Live 2016) (preloaded format=pdflatex 2016.5.22)  11 OCT 2017 09:43
entering extended mode
 restricted \write18 enabled.
 %&-line parsing enabled.
**TobiF-Dissertation.tex
(./TobiF-Dissertation.tex
LaTeX2e <2016/03/31>
Babel <3.9r> and hyphenation patterns for 83 language(s) loaded.
(./psuthesis.cls
Document Class: psuthesis 2013/10/18 v2.4.0 psuthesis class
(/usr/local/texlive/2016/texmf-dist/tex/latex/base/ifthen.sty
Package: ifthen 2014/09/29 v1.1c Standard LaTeX ifthen package (DPC)
)
(/usr/local/texlive/2016/texmf-dist/tex/latex/base/book.cls
Document Class: book 2014/09/29 v1.4h Standard LaTeX document class
(/usr/local/texlive/2016/texmf-dist/tex/latex/base/bk12.clo
File: bk12.clo 2014/09/29 v1.4h Standard LaTeX file (size option)
)
\c@part=\count79
\c@chapter=\count80
\c@section=\count81
\c@subsection=\count82
\c@subsubsection=\count83
\c@paragraph=\count84
\c@subparagraph=\count85
\c@figure=\count86
\c@table=\count87
\abovecaptionskip=\skip41
\belowcaptionskip=\skip42
\bibindent=\dimen102
)
(/usr/local/texlive/2016/texmf-dist/tex/latex/tools/calc.sty
Package: calc 2014/10/28 v4.3 Infix arithmetic (KKT,FJ)
\calc@Acount=\count88
\calc@Bcount=\count89
\calc@Adimen=\dimen103
\calc@Bdimen=\dimen104
\calc@Askip=\skip43
\calc@Bskip=\skip44
LaTeX Info: Redefining \setlength on input line 80.
LaTeX Info: Redefining \addtolength on input line 81.
\calc@Ccount=\count90
\calc@Cskip=\skip45
)
(/usr/local/texlive/2016/texmf-dist/tex/latex/setspace/setspace.sty
Package: setspace 2011/12/19 v6.7a set line spacing
)
(/usr/local/texlive/2016/texmf-dist/tex/latex/tocloft/tocloft.sty
Package: tocloft 2013/05/02 v2.3f parameterised ToC, etc., typesetting
Package tocloft Info: The document has chapter divisions on input line 44.
\cftparskip=\skip46
\cftbeforetoctitleskip=\skip47
\cftaftertoctitleskip=\skip48
\cftbeforepartskip=\skip49
\cftpartnumwidth=\skip50
\cftpartindent=\skip51
\cftbeforechapskip=\skip52
\cftchapindent=\skip53
\cftchapnumwidth=\skip54
\cftbeforesecskip=\skip55
\cftsecindent=\skip56
\cftsecnumwidth=\skip57
\cftbeforesubsecskip=\skip58
\cftsubsecindent=\skip59
\cftsubsecnumwidth=\skip60
\cftbeforesubsubsecskip=\skip61
\cftsubsubsecindent=\skip62
\cftsubsubsecnumwidth=\skip63
\cftbeforeparaskip=\skip64
\cftparaindent=\skip65
\cftparanumwidth=\skip66
\cftbeforesubparaskip=\skip67
\cftsubparaindent=\skip68
\cftsubparanumwidth=\skip69
\cftbeforeloftitleskip=\skip70
\cftafterloftitleskip=\skip71
\cftbeforefigskip=\skip72
\cftfigindent=\skip73
\cftfignumwidth=\skip74
\c@lofdepth=\count91
\c@lotdepth=\count92
\cftbeforelottitleskip=\skip75
\cftafterlottitleskip=\skip76
\cftbeforetabskip=\skip77
\cfttabindent=\skip78
\cfttabnumwidth=\skip79
)
(/usr/local/texlive/2016/texmf-dist/tex/latex/fancyhdr/fancyhdr.sty
\fancy@headwidth=\skip80
\f@ncyO@elh=\skip81
\f@ncyO@erh=\skip82
\f@ncyO@olh=\skip83
\f@ncyO@orh=\skip84
\f@ncyO@elf=\skip85
\f@ncyO@erf=\skip86
\f@ncyO@olf=\skip87
\f@ncyO@orf=\skip88
)
(/usr/local/texlive/2016/texmf-dist/tex/latex/textcase/textcase.sty
Package: textcase 2004/10/07 v0.07 Text only upper/lower case changing (DPC)
)
\mylength=\skip89
\mylonglength=\skip90
\tempbox=\box26
\psu@sigoptionskip=\skip91
\psu@sigafteroptionskip=\skip92
\psu@intersigspace=\skip93
)
(/usr/local/texlive/2016/texmf-dist/tex/latex/base/fontenc.sty
Package: fontenc 2005/09/27 v1.99g Standard LaTeX package

(/usr/local/texlive/2016/texmf-dist/tex/latex/base/t1enc.def
File: t1enc.def 2005/09/27 v1.99g Standard LaTeX file
LaTeX Font Info:    Redeclaring font encoding T1 on input line 48.
))
(/usr/local/texlive/2016/texmf-dist/tex/latex/lm/lmodern.sty
Package: lmodern 2009/10/30 v1.6 Latin Modern Fonts
LaTeX Font Info:    Overwriting symbol font `operators' in version `normal'
(Font)                  OT1/cmr/m/n --> OT1/lmr/m/n on input line 22.
LaTeX Font Info:    Overwriting symbol font `letters' in version `normal'
(Font)                  OML/cmm/m/it --> OML/lmm/m/it on input line 23.
LaTeX Font Info:    Overwriting symbol font `symbols' in version `normal'
(Font)                  OMS/cmsy/m/n --> OMS/lmsy/m/n on input line 24.
LaTeX Font Info:    Overwriting symbol font `largesymbols' in version `normal'
(Font)                  OMX/cmex/m/n --> OMX/lmex/m/n on input line 25.
LaTeX Font Info:    Overwriting symbol font `operators' in version `bold'
(Font)                  OT1/cmr/bx/n --> OT1/lmr/bx/n on input line 26.
LaTeX Font Info:    Overwriting symbol font `letters' in version `bold'
(Font)                  OML/cmm/b/it --> OML/lmm/b/it on input line 27.
LaTeX Font Info:    Overwriting symbol font `symbols' in version `bold'
(Font)                  OMS/cmsy/b/n --> OMS/lmsy/b/n on input line 28.
LaTeX Font Info:    Overwriting symbol font `largesymbols' in version `bold'
(Font)                  OMX/cmex/m/n --> OMX/lmex/m/n on input line 29.
LaTeX Font Info:    Overwriting math alphabet `\mathbf' in version `normal'
(Font)                  OT1/cmr/bx/n --> OT1/lmr/bx/n on input line 31.
LaTeX Font Info:    Overwriting math alphabet `\mathsf' in version `normal'
(Font)                  OT1/cmss/m/n --> OT1/lmss/m/n on input line 32.
LaTeX Font Info:    Overwriting math alphabet `\mathit' in version `normal'
(Font)                  OT1/cmr/m/it --> OT1/lmr/m/it on input line 33.
LaTeX Font Info:    Overwriting math alphabet `\mathtt' in version `normal'
(Font)                  OT1/cmtt/m/n --> OT1/lmtt/m/n on input line 34.
LaTeX Font Info:    Overwriting math alphabet `\mathbf' in version `bold'
(Font)                  OT1/cmr/bx/n --> OT1/lmr/bx/n on input line 35.
LaTeX Font Info:    Overwriting math alphabet `\mathsf' in version `bold'
(Font)                  OT1/cmss/bx/n --> OT1/lmss/bx/n on input line 36.
LaTeX Font Info:    Overwriting math alphabet `\mathit' in version `bold'
(Font)                  OT1/cmr/bx/it --> OT1/lmr/bx/it on input line 37.
LaTeX Font Info:    Overwriting math alphabet `\mathtt' in version `bold'
(Font)                  OT1/cmtt/m/n --> OT1/lmtt/m/n on input line 38.
)
(/usr/local/texlive/2016/texmf-dist/tex/latex/base/textcomp.sty
Package: textcomp 2005/09/27 v1.99g Standard LaTeX package
Package textcomp Info: Sub-encoding information:
(textcomp)               5 = only ISO-Adobe without \textcurrency
(textcomp)               4 = 5 + \texteuro
(textcomp)               3 = 4 + \textohm
(textcomp)               2 = 3 + \textestimated + \textcurrency
(textcomp)               1 = TS1 - \textcircled - \t
(textcomp)               0 = TS1 (full)
(textcomp)             Font families with sub-encoding setting implement
(textcomp)             only a restricted character set as indicated.
(textcomp)             Family '?' is the default used for unknown fonts.
(textcomp)             See the documentation for details.
Package textcomp Info: Setting ? sub-encoding to TS1/1 on input line 79.

(/usr/local/texlive/2016/texmf-dist/tex/latex/base/ts1enc.def
File: ts1enc.def 2001/06/05 v3.0e (jk/car/fm) Standard LaTeX file
)
LaTeX Info: Redefining \oldstylenums on input line 334.
Package textcomp Info: Setting cmr sub-encoding to TS1/0 on input line 349.
Package textcomp Info: Setting cmss sub-encoding to TS1/0 on input line 350.
Package textcomp Info: Setting cmtt sub-encoding to TS1/0 on input line 351.
Package textcomp Info: Setting cmvtt sub-encoding to TS1/0 on input line 352.
Package textcomp Info: Setting cmbr sub-encoding to TS1/0 on input line 353.
Package textcomp Info: Setting cmtl sub-encoding to TS1/0 on input line 354.
Package textcomp Info: Setting ccr sub-encoding to TS1/0 on input line 355.
Package textcomp Info: Setting ptm sub-encoding to TS1/4 on input line 356.
Package textcomp Info: Setting pcr sub-encoding to TS1/4 on input line 357.
Package textcomp Info: Setting phv sub-encoding to TS1/4 on input line 358.
Package textcomp Info: Setting ppl sub-encoding to TS1/3 on input line 359.
Package textcomp Info: Setting pag sub-encoding to TS1/4 on input line 360.
Package textcomp Info: Setting pbk sub-encoding to TS1/4 on input line 361.
Package textcomp Info: Setting pnc sub-encoding to TS1/4 on input line 362.
Package textcomp Info: Setting pzc sub-encoding to TS1/4 on input line 363.
Package textcomp Info: Setting bch sub-encoding to TS1/4 on input line 364.
Package textcomp Info: Setting put sub-encoding to TS1/5 on input line 365.
Package textcomp Info: Setting uag sub-encoding to TS1/5 on input line 366.
Package textcomp Info: Setting ugq sub-encoding to TS1/5 on input line 367.
Package textcomp Info: Setting ul8 sub-encoding to TS1/4 on input line 368.
Package textcomp Info: Setting ul9 sub-encoding to TS1/4 on input line 369.
Package textcomp Info: Setting augie sub-encoding to TS1/5 on input line 370.
Package textcomp Info: Setting dayrom sub-encoding to TS1/3 on input line 371.
Package textcomp Info: Setting dayroms sub-encoding to TS1/3 on input line 372.

Package textcomp Info: Setting pxr sub-encoding to TS1/0 on input line 373.
Package textcomp Info: Setting pxss sub-encoding to TS1/0 on input line 374.
Package textcomp Info: Setting pxtt sub-encoding to TS1/0 on input line 375.
Package textcomp Info: Setting txr sub-encoding to TS1/0 on input line 376.
Package textcomp Info: Setting txss sub-encoding to TS1/0 on input line 377.
Package textcomp Info: Setting txtt sub-encoding to TS1/0 on input line 378.
Package textcomp Info: Setting lmr sub-encoding to TS1/0 on input line 379.
Package textcomp Info: Setting lmdh sub-encoding to TS1/0 on input line 380.
Package textcomp Info: Setting lmss sub-encoding to TS1/0 on input line 381.
Package textcomp Info: Setting lmssq sub-encoding to TS1/0 on input line 382.
Package textcomp Info: Setting lmvtt sub-encoding to TS1/0 on input line 383.
Package textcomp Info: Setting lmtt sub-encoding to TS1/0 on input line 384.
Package textcomp Info: Setting qhv sub-encoding to TS1/0 on input line 385.
Package textcomp Info: Setting qag sub-encoding to TS1/0 on input line 386.
Package textcomp Info: Setting qbk sub-encoding to TS1/0 on input line 387.
Package textcomp Info: Setting qcr sub-encoding to TS1/0 on input line 388.
Package textcomp Info: Setting qcs sub-encoding to TS1/0 on input line 389.
Package textcomp Info: Setting qpl sub-encoding to TS1/0 on input line 390.
Package textcomp Info: Setting qtm sub-encoding to TS1/0 on input line 391.
Package textcomp Info: Setting qzc sub-encoding to TS1/0 on input line 392.
Package textcomp Info: Setting qhvc sub-encoding to TS1/0 on input line 393.
Package textcomp Info: Setting futs sub-encoding to TS1/4 on input line 394.
Package textcomp Info: Setting futx sub-encoding to TS1/4 on input line 395.
Package textcomp Info: Setting futj sub-encoding to TS1/4 on input line 396.
Package textcomp Info: Setting hlh sub-encoding to TS1/3 on input line 397.
Package textcomp Info: Setting hls sub-encoding to TS1/3 on input line 398.
Package textcomp Info: Setting hlst sub-encoding to TS1/3 on input line 399.
Package textcomp Info: Setting hlct sub-encoding to TS1/5 on input line 400.
Package textcomp Info: Setting hlx sub-encoding to TS1/5 on input line 401.
Package textcomp Info: Setting hlce sub-encoding to TS1/5 on input line 402.
Package textcomp Info: Setting hlcn sub-encoding to TS1/5 on input line 403.
Package textcomp Info: Setting hlcw sub-encoding to TS1/5 on input line 404.
Package textcomp Info: Setting hlcf sub-encoding to TS1/5 on input line 405.
Package textcomp Info: Setting pplx sub-encoding to TS1/3 on input line 406.
Package textcomp Info: Setting pplj sub-encoding to TS1/3 on input line 407.
Package textcomp Info: Setting ptmx sub-encoding to TS1/4 on input line 408.
Package textcomp Info: Setting ptmj sub-encoding to TS1/4 on input line 409.
)
(/usr/local/texlive/2016/texmf-dist/tex/latex/microtype/microtype.sty
Package: microtype 2016/05/14 v2.6a Micro-typographical refinements (RS)

(/usr/local/texlive/2016/texmf-dist/tex/latex/graphics/keyval.sty
Package: keyval 2014/10/28 v1.15 key=value parser (DPC)
\KV@toks@=\toks14
)
\MT@toks=\toks15
\MT@count=\count93
LaTeX Info: Redefining \textls on input line 774.
\MT@outer@kern=\dimen105
LaTeX Info: Redefining \textmicrotypecontext on input line 1310.
\MT@listname@count=\count94

(/usr/local/texlive/2016/texmf-dist/tex/latex/microtype/microtype-pdftex.def
File: microtype-pdftex.def 2016/05/14 v2.6a Definitions specific to pdftex (RS)

LaTeX Info: Redefining \lsstyle on input line 916.
LaTeX Info: Redefining \lslig on input line 916.
\MT@outer@space=\skip94
)
Package microtype Info: Loading configuration file microtype.cfg.

(/usr/local/texlive/2016/texmf-dist/tex/latex/microtype/microtype.cfg
File: microtype.cfg 2016/05/14 v2.6a microtype main configuration file (RS)
))
(/usr/local/texlive/2016/texmf-dist/tex/latex/amsmath/amsmath.sty
Package: amsmath 2016/03/10 v2.15b AMS math features
\@mathmargin=\skip95

For additional information on amsmath, use the `?' option.
(/usr/local/texlive/2016/texmf-dist/tex/latex/amsmath/amstext.sty
Package: amstext 2000/06/29 v2.01 AMS text

(/usr/local/texlive/2016/texmf-dist/tex/latex/amsmath/amsgen.sty
File: amsgen.sty 1999/11/30 v2.0 generic functions
\@emptytoks=\toks16
\ex@=\dimen106
))
(/usr/local/texlive/2016/texmf-dist/tex/latex/amsmath/amsbsy.sty
Package: amsbsy 1999/11/29 v1.2d Bold Symbols
\pmbraise@=\dimen107
)
(/usr/local/texlive/2016/texmf-dist/tex/latex/amsmath/amsopn.sty
Package: amsopn 2016/03/08 v2.02 operator names
)
\inf@bad=\count95
LaTeX Info: Redefining \frac on input line 199.
\uproot@=\count96
\leftroot@=\count97
LaTeX Info: Redefining \overline on input line 297.
\classnum@=\count98
\DOTSCASE@=\count99
LaTeX Info: Redefining \ldots on input line 394.
LaTeX Info: Redefining \dots on input line 397.
LaTeX Info: Redefining \cdots on input line 518.
\Mathstrutbox@=\box27
\strutbox@=\box28
\big@size=\dimen108
LaTeX Font Info:    Redeclaring font encoding OML on input line 634.
LaTeX Font Info:    Redeclaring font encoding OMS on input line 635.
\macc@depth=\count100
\c@MaxMatrixCols=\count101
\dotsspace@=\muskip10
\c@parentequation=\count102
\dspbrk@lvl=\count103
\tag@help=\toks17
\row@=\count104
\column@=\count105
\maxfields@=\count106
\andhelp@=\toks18
\eqnshift@=\dimen109
\alignsep@=\dimen110
\tagshift@=\dimen111
\tagwidth@=\dimen112
\totwidth@=\dimen113
\lineht@=\dimen114
\@envbody=\toks19
\multlinegap=\skip96
\multlinetaggap=\skip97
\mathdisplay@stack=\toks20
LaTeX Info: Redefining \[ on input line 2739.
LaTeX Info: Redefining \] on input line 2740.
)
(/usr/local/texlive/2016/texmf-dist/tex/latex/amsfonts/amssymb.sty
Package: amssymb 2013/01/14 v3.01 AMS font symbols

(/usr/local/texlive/2016/texmf-dist/tex/latex/amsfonts/amsfonts.sty
Package: amsfonts 2013/01/14 v3.01 Basic AMSFonts support
\symAMSa=\mathgroup4
\symAMSb=\mathgroup5
LaTeX Font Info:    Overwriting math alphabet `\mathfrak' in version `bold'
(Font)                  U/euf/m/n --> U/euf/b/n on input line 106.
))
(/usr/local/texlive/2016/texmf-dist/tex/latex/amscls/amsthm.sty
Package: amsthm 2015/03/04 v2.20.2
\thm@style=\toks21
\thm@bodyfont=\toks22
\thm@headfont=\toks23
\thm@notefont=\toks24
\thm@headpunct=\toks25
\thm@preskip=\skip98
\thm@postskip=\skip99
\thm@headsep=\skip100
\dth@everypar=\toks26
)
(/usr/local/texlive/2016/texmf-dist/tex/latex/base/exscale.sty
Package: exscale 2014/09/29 v2.1h Standard LaTeX package exscale
LaTeX Font Info:    Redeclaring symbol font `largesymbols' on input line 57.
LaTeX Font Info:    Overwriting symbol font `largesymbols' in version `normal'
(Font)                  OMX/lmex/m/n --> OMX/cmex/m/n on input line 57.
LaTeX Font Info:    Overwriting symbol font `largesymbols' in version `bold'
(Font)                  OMX/lmex/m/n --> OMX/cmex/m/n on input line 57.
\big@size=\dimen115
)
(/usr/local/texlive/2016/texmf-dist/tex/latex/amsfonts/eucal.sty
Package: eucal 2009/06/22 v3.00 Euler Script fonts
LaTeX Font Info:    Overwriting math alphabet `\EuScript' in version `bold'
(Font)                  U/eus/m/n --> U/eus/b/n on input line 33.
)
(/usr/local/texlive/2016/texmf-dist/tex/latex/tools/bm.sty
Package: bm 2016/02/27 v1.2a Bold Symbol Support (DPC/FMi)
\symboldoperators=\mathgroup6
\symboldletters=\mathgroup7
\symboldsymbols=\mathgroup8
LaTeX Font Info:    Redeclaring math alphabet \mathbf on input line 142.
LaTeX Info: Redefining \bm on input line 208.
)
(/usr/local/texlive/2016/texmf-dist/tex/latex/eqlist/eqlist.sty
eqlist.sty by M. Vaeth: Revision 2.1
Package: eqlist 2002/08/15 v2.1
(/usr/local/texlive/2016/texmf-dist/tex/latex/eqparbox/eqparbox.sty
Package: eqparbox 2013/03/15 v4.0 Create equal-widthed boxes
\eqp@tempdima=\skip101
\eqp@tempdimb=\skip102

(/usr/local/texlive/2016/texmf-dist/tex/latex/tools/array.sty
Package: array 2014/10/28 v2.4c Tabular extension package (FMi)
\col@sep=\dimen116
\extrarowheight=\dimen117
\NC@list=\toks27
\extratabsurround=\skip103
\backup@length=\skip104
)
\eqp@tabular@box=\box29
\eqp@list@box=\box30
\eqp@list@indent=\skip105

(/usr/local/texlive/2016/texmf-dist/tex/latex/environ/environ.sty
Package: environ 2014/05/04 v0.3 A new way to define environments

(/usr/local/texlive/2016/texmf-dist/tex/latex/trimspaces/trimspaces.sty
Package: trimspaces 2009/09/17 v1.1 Trim spaces around a token list
)))
\eql@cnt=\count107
)
(/usr/local/texlive/2016/texmf-dist/tex/latex/graphics/graphicx.sty
Package: graphicx 2014/10/28 v1.0g Enhanced LaTeX Graphics (DPC,SPQR)

(/usr/local/texlive/2016/texmf-dist/tex/latex/graphics/graphics.sty
Package: graphics 2016/05/09 v1.0r Standard LaTeX Graphics (DPC,SPQR)

(/usr/local/texlive/2016/texmf-dist/tex/latex/graphics/trig.sty
Package: trig 2016/01/03 v1.10 sin cos tan (DPC)
)
(/usr/local/texlive/2016/texmf-dist/tex/latex/graphics-cfg/graphics.cfg
File: graphics.cfg 2016/01/02 v1.10 sample graphics configuration
)
Package graphics Info: Driver file: pdftex.def on input line 96.

(/usr/local/texlive/2016/texmf-dist/tex/latex/pdftex-def/pdftex.def
File: pdftex.def 2011/05/27 v0.06d Graphics/color for pdfTeX

(/usr/local/texlive/2016/texmf-dist/tex/generic/oberdiek/infwarerr.sty
Package: infwarerr 2016/05/16 v1.4 Providing info/warning/error messages (HO)
)
(/usr/local/texlive/2016/texmf-dist/tex/generic/oberdiek/ltxcmds.sty
Package: ltxcmds 2016/05/16 v1.23 LaTeX kernel commands for general use (HO)
)
\Gread@gobject=\count108
))
\Gin@req@height=\dimen118
\Gin@req@width=\dimen119
)
(/usr/local/texlive/2016/texmf-dist/tex/latex/graphics/color.sty
Package: color 2016/05/09 v1.1c Standard LaTeX Color (DPC)

(/usr/local/texlive/2016/texmf-dist/tex/latex/graphics-cfg/color.cfg
File: color.cfg 2016/01/02 v1.6 sample color configuration
)
Package color Info: Driver file: pdftex.def on input line 144.

(/usr/local/texlive/2016/texmf-dist/tex/latex/graphics/dvipsnam.def
File: dvipsnam.def 2015/12/30 v3.0k Driver-dependent file (DPC,SPQR)
))
(/usr/local/texlive/2016/texmf-dist/tex/latex/float/float.sty
Package: float 2001/11/08 v1.3d Float enhancements (AL)
\c@float@type=\count109
\float@exts=\toks28
\float@box=\box31
\@float@everytoks=\toks29
\@floatcapt=\box32
)
(/usr/local/texlive/2016/texmf-dist/tex/latex/was/gensymb.sty
Package: gensymb 2003/07/02 v1.0 (WaS)
)
(/usr/local/texlive/2016/texmf-dist/tex/latex/wasysym/wasysym.sty
Package: wasysym 2003/10/30 v2.0 Wasy-2 symbol support package
\symwasy=\mathgroup9
LaTeX Font Info:    Overwriting symbol font `wasy' in version `bold'
(Font)                  U/wasy/m/n --> U/wasy/b/n on input line 90.
)
(/usr/local/texlive/2016/texmf-dist/tex/latex/cite/cite.sty
LaTeX Info: Redefining \cite on input line 302.
LaTeX Info: Redefining \nocite on input line 332.
Package: cite 2015/02/27  v 5.5
)
(/usr/local/texlive/2016/texmf-dist/tex/latex/titlesec/titlesec.sty
Package: titlesec 2016/03/21 v2.10.2 Sectioning titles
\ttl@box=\box33
\beforetitleunit=\skip106
\aftertitleunit=\skip107
\ttl@plus=\dimen120
\ttl@minus=\dimen121
\ttl@toksa=\toks30
\titlewidth=\dimen122
\titlewidthlast=\dimen123
\titlewidthfirst=\dimen124
)
(/usr/local/texlive/2016/texmf-dist/tex/latex/multirow/multirow.sty
\bigstrutjot=\dimen125
)
(/usr/local/texlive/2016/texmf-dist/tex/latex/hyperref/hyperref.sty
Package: hyperref 2016/05/05 v6.83n Hypertext links for LaTeX

(/usr/local/texlive/2016/texmf-dist/tex/generic/oberdiek/hobsub-hyperref.sty
Package: hobsub-hyperref 2016/05/16 v1.14 Bundle oberdiek, subset hyperref (HO)


(/usr/local/texlive/2016/texmf-dist/tex/generic/oberdiek/hobsub-generic.sty
Package: hobsub-generic 2016/05/16 v1.14 Bundle oberdiek, subset generic (HO)
Package: hobsub 2016/05/16 v1.14 Construct package bundles (HO)
Package hobsub Info: Skipping package `infwarerr' (already loaded).
Package hobsub Info: Skipping package `ltxcmds' (already loaded).
Package: ifluatex 2016/05/16 v1.4 Provides the ifluatex switch (HO)
Package ifluatex Info: LuaTeX not detected.
Package: ifvtex 2016/05/16 v1.6 Detect VTeX and its facilities (HO)
Package ifvtex Info: VTeX not detected.
Package: intcalc 2016/05/16 v1.2 Expandable calculations with integers (HO)
Package: ifpdf 2016/05/14 v3.1 Provides the ifpdf switch
Package: etexcmds 2016/05/16 v1.6 Avoid name clashes with e-TeX commands (HO)
Package etexcmds Info: Could not find \expanded.
(etexcmds)             That can mean that you are not using pdfTeX 1.50 or
(etexcmds)             that some package has redefined \expanded.
(etexcmds)             In the latter case, load this package earlier.
Package: kvsetkeys 2016/05/16 v1.17 Key value parser (HO)
Package: kvdefinekeys 2016/05/16 v1.4 Define keys (HO)
Package: pdftexcmds 2016/05/10 v0.21 Utility functions of pdfTeX for LuaTeX (HO
)
Package pdftexcmds Info: LuaTeX not detected.
Package pdftexcmds Info: \pdf@primitive is available.
Package pdftexcmds Info: \pdf@ifprimitive is available.
Package pdftexcmds Info: \pdfdraftmode found.
Package: pdfescape 2016/05/16 v1.14 Implements pdfTeX's escape features (HO)
Package: bigintcalc 2016/05/16 v1.4 Expandable calculations on big integers (HO
)
Package: bitset 2016/05/16 v1.2 Handle bit-vector datatype (HO)
Package: uniquecounter 2016/05/16 v1.3 Provide unlimited unique counter (HO)
)
Package hobsub Info: Skipping package `hobsub' (already loaded).
Package: letltxmacro 2016/05/16 v1.5 Let assignment for LaTeX macros (HO)
Package: hopatch 2016/05/16 v1.3 Wrapper for package hooks (HO)
Package: xcolor-patch 2016/05/16 xcolor patch
Package: atveryend 2016/05/16 v1.9 Hooks at the very end of document (HO)
Package atveryend Info: \enddocument detected (standard20110627).
Package: atbegshi 2016/05/16 v1.17 At begin shipout hook (HO)
Package: refcount 2016/05/16 v3.5 Data extraction from label references (HO)
Package: hycolor 2016/05/16 v1.8 Color options for hyperref/bookmark (HO)
)
(/usr/local/texlive/2016/texmf-dist/tex/generic/ifxetex/ifxetex.sty
Package: ifxetex 2010/09/12 v0.6 Provides ifxetex conditional
)
(/usr/local/texlive/2016/texmf-dist/tex/latex/oberdiek/auxhook.sty
Package: auxhook 2016/05/16 v1.4 Hooks for auxiliary files (HO)
)
(/usr/local/texlive/2016/texmf-dist/tex/latex/oberdiek/kvoptions.sty
Package: kvoptions 2016/05/16 v3.12 Key value format for package options (HO)
)
\@linkdim=\dimen126
\Hy@linkcounter=\count110
\Hy@pagecounter=\count111

(/usr/local/texlive/2016/texmf-dist/tex/latex/hyperref/pd1enc.def
File: pd1enc.def 2016/05/05 v6.83n Hyperref: PDFDocEncoding definition (HO)
)
\Hy@SavedSpaceFactor=\count112

(/usr/local/texlive/2016/texmf-dist/tex/latex/latexconfig/hyperref.cfg
File: hyperref.cfg 2002/06/06 v1.2 hyperref configuration of TeXLive
)
Package hyperref Info: Hyper figures OFF on input line 4446.
Package hyperref Info: Link nesting OFF on input line 4451.
Package hyperref Info: Hyper index ON on input line 4454.
Package hyperref Info: Plain pages OFF on input line 4461.
Package hyperref Info: Backreferencing OFF on input line 4466.
Package hyperref Info: Implicit mode ON; LaTeX internals redefined.
Package hyperref Info: Bookmarks ON on input line 4691.
\c@Hy@tempcnt=\count113

(/usr/local/texlive/2016/texmf-dist/tex/latex/url/url.sty
\Urlmuskip=\muskip11
Package: url 2013/09/16  ver 3.4  Verb mode for urls, etc.
)
LaTeX Info: Redefining \url on input line 5044.
\XeTeXLinkMargin=\dimen127
\Fld@menulength=\count114
\Field@Width=\dimen128
\Fld@charsize=\dimen129
Package hyperref Info: Hyper figures OFF on input line 6298.
Package hyperref Info: Link nesting OFF on input line 6303.
Package hyperref Info: Hyper index ON on input line 6306.
Package hyperref Info: backreferencing OFF on input line 6313.
Package hyperref Info: Link coloring OFF on input line 6318.
Package hyperref Info: Link coloring with OCG OFF on input line 6323.
Package hyperref Info: PDF/A mode OFF on input line 6328.
LaTeX Info: Redefining \ref on input line 6368.
LaTeX Info: Redefining \pageref on input line 6372.
\Hy@abspage=\count115
\c@Item=\count116
\c@Hfootnote=\count117
)

Package hyperref Message: Driver (autodetected): hpdftex.

(/usr/local/texlive/2016/texmf-dist/tex/latex/hyperref/hpdftex.def
File: hpdftex.def 2016/05/05 v6.83n Hyperref driver for pdfTeX
\Fld@listcount=\count118
\c@bookmark@seq@number=\count119

(/usr/local/texlive/2016/texmf-dist/tex/latex/oberdiek/rerunfilecheck.sty
Package: rerunfilecheck 2016/05/16 v1.8 Rerun checks for auxiliary files (HO)
Package uniquecounter Info: New unique counter `rerunfilecheck' on input line 2
82.
)
\Hy@SectionHShift=\skip108
)
(./SupplementaryMaterial/UserDefinedCommands.tex)
(/usr/local/texlive/2016/texmf-dist/tex/latex/titlesec/block.tss
File: block.tss 2016/03/15
)
(/usr/local/texlive/2016/texmf-dist/tex/latex/listings/listings.sty
\lst@mode=\count120
\lst@gtempboxa=\box34
\lst@token=\toks31
\lst@length=\count121
\lst@currlwidth=\dimen130
\lst@column=\count122
\lst@pos=\count123
\lst@lostspace=\dimen131
\lst@width=\dimen132
\lst@newlines=\count124
\lst@lineno=\count125
\lst@maxwidth=\dimen133

(/usr/local/texlive/2016/texmf-dist/tex/latex/listings/lstmisc.sty
File: lstmisc.sty 2015/06/04 1.6 (Carsten Heinz)
\c@lstnumber=\count126
\lst@skipnumbers=\count127
\lst@framebox=\box35
)
(/usr/local/texlive/2016/texmf-dist/tex/latex/listings/listings.cfg
File: listings.cfg 2015/06/04 1.6 listings configuration
))
Package: listings 2015/06/04 1.6 (Carsten Heinz)

(./TobiF-Dissertation.aux (./Chapter-1/Chapter-1.aux)
(./Chapter-2/Chapter-2.aux) (./Chapter-3/Chapter-3.aux)
(./Chapter-4/Chapter-4.aux) (./Chapter-5/Chapter-5.aux)
(./Chapter-6/Chapter-6.aux) (./Chapter-7/Chapter-7.aux))
\openout1 = `TobiF-Dissertation.aux'.

LaTeX Font Info:    Checking defaults for OML/cmm/m/it on input line 381.
LaTeX Font Info:    ... okay on input line 381.
LaTeX Font Info:    Checking defaults for T1/cmr/m/n on input line 381.
LaTeX Font Info:    ... okay on input line 381.
LaTeX Font Info:    Checking defaults for OT1/cmr/m/n on input line 381.
LaTeX Font Info:    ... okay on input line 381.
LaTeX Font Info:    Checking defaults for OMS/cmsy/m/n on input line 381.
LaTeX Font Info:    ... okay on input line 381.
LaTeX Font Info:    Checking defaults for OMX/cmex/m/n on input line 381.
LaTeX Font Info:    ... okay on input line 381.
LaTeX Font Info:    Checking defaults for U/cmr/m/n on input line 381.
LaTeX Font Info:    ... okay on input line 381.
LaTeX Font Info:    Checking defaults for TS1/cmr/m/n on input line 381.
LaTeX Font Info:    Try loading font information for TS1+cmr on input line 381.


(/usr/local/texlive/2016/texmf-dist/tex/latex/base/ts1cmr.fd
File: ts1cmr.fd 2014/09/29 v2.5h Standard LaTeX font definitions
)
LaTeX Font Info:    ... okay on input line 381.
LaTeX Font Info:    Checking defaults for PD1/pdf/m/n on input line 381.
LaTeX Font Info:    ... okay on input line 381.
LaTeX Font Info:    Try loading font information for T1+lmr on input line 381.

(/usr/local/texlive/2016/texmf-dist/tex/latex/lm/t1lmr.fd
File: t1lmr.fd 2009/10/30 v1.6 Font defs for Latin Modern
)
LaTeX Info: Redefining \microtypecontext on input line 381.
Package microtype Info: Generating PDF output.
Package microtype Info: Character protrusion enabled (level 2).
Package microtype Info: Using default protrusion set `alltext'.
Package microtype Info: Automatic font expansion enabled (level 2),
(microtype)             stretch: 20, shrink: 20, step: 1, non-selected.
Package microtype Info: Using default expansion set `basictext'.
Package microtype Info: No adjustment of tracking.
Package microtype Info: No adjustment of interword spacing.
Package microtype Info: No adjustment of character kerning.

(/usr/local/texlive/2016/texmf-dist/tex/latex/microtype/mt-cmr.cfg
File: mt-cmr.cfg 2013/05/19 v2.2 microtype config. file: Computer Modern Roman 
(RS)
)
(/usr/local/texlive/2016/texmf-dist/tex/context/base/mkii/supp-pdf.mkii
[Loading MPS to PDF converter (version 2006.09.02).]
\scratchcounter=\count128
\scratchdimen=\dimen134
\scratchbox=\box36
\nofMPsegments=\count129
\nofMParguments=\count130
\everyMPshowfont=\toks32
\MPscratchCnt=\count131
\MPscratchDim=\dimen135
\MPnumerator=\count132
\makeMPintoPDFobject=\count133
\everyMPtoPDFconversion=\toks33
) (/usr/local/texlive/2016/texmf-dist/tex/latex/oberdiek/epstopdf-base.sty
Package: epstopdf-base 2016/05/15 v2.6 Base part for package epstopdf

(/usr/local/texlive/2016/texmf-dist/tex/latex/oberdiek/grfext.sty
Package: grfext 2016/05/16 v1.2 Manage graphics extensions (HO)
)
Package grfext Info: Graphics extension search list:
(grfext)             [.pdf,.jpg,.eps]
(grfext)             \AppendGraphicsExtensions on input line 456.

(/usr/local/texlive/2016/texmf-dist/tex/latex/latexconfig/epstopdf-sys.cfg
File: epstopdf-sys.cfg 2010/07/13 v1.3 Configuration of (r)epstopdf for TeX Liv
e
))
\symgns@font=\mathgroup10
LaTeX Font Info:    Overwriting symbol font `gns@font' in version `bold'
(Font)                  TS1/lmr/m/n --> TS1/lmr/bx/n on input line 381.
Package gensymb Info: Math companion symbols declared on input line 381.
LaTeX Info: Redefining \degree on input line 381.
LaTeX Info: Redefining \celsius on input line 381.
Package gensymb Info: Using text companion symbols for \degree, \celsius and \p
erthousand on input line 381.
LaTeX Info: Redefining \ohm on input line 381.
Package gensymb Info: Using \textohm for \ohm on input line 381.
Package gensymb Info: Using \textmu for \micro on input line 381.
\AtBeginShipoutBox=\box37
Package hyperref Info: Link coloring OFF on input line 381.

(/usr/local/texlive/2016/texmf-dist/tex/latex/hyperref/nameref.sty
Package: nameref 2012/10/27 v2.43 Cross-referencing by name of section

(/usr/local/texlive/2016/texmf-dist/tex/generic/oberdiek/gettitlestring.sty
Package: gettitlestring 2016/05/16 v1.5 Cleanup title references (HO)
)
\c@section@level=\count134
)
LaTeX Info: Redefining \ref on input line 381.
LaTeX Info: Redefining \pageref on input line 381.
LaTeX Info: Redefining \nameref on input line 381.

(./TobiF-Dissertation.out) (./TobiF-Dissertation.out)
\@outlinefile=\write3
\openout3 = `TobiF-Dissertation.out'.

\c@lstlisting=\count135
LaTeX Font Info:    Try loading font information for TS1+lmr on input line 403.


(/usr/local/texlive/2016/texmf-dist/tex/latex/lm/ts1lmr.fd
File: ts1lmr.fd 2009/10/30 v1.6 Font defs for Latin Modern
) [1


{/usr/local/texlive/2016/texmf-var/fonts/map/pdftex/updmap/pdftex.map}]
LaTeX Font Info:    Try loading font information for OT1+lmr on input line 408.


(/usr/local/texlive/2016/texmf-dist/tex/latex/lm/ot1lmr.fd
File: ot1lmr.fd 2009/10/30 v1.6 Font defs for Latin Modern
)
LaTeX Font Info:    Try loading font information for OML+lmm on input line 408.


(/usr/local/texlive/2016/texmf-dist/tex/latex/lm/omllmm.fd
File: omllmm.fd 2009/10/30 v1.6 Font defs for Latin Modern
)
LaTeX Font Info:    Try loading font information for OMS+lmsy on input line 408
.

(/usr/local/texlive/2016/texmf-dist/tex/latex/lm/omslmsy.fd
File: omslmsy.fd 2009/10/30 v1.6 Font defs for Latin Modern
)
LaTeX Font Info:    External font `cmex7' loaded for size
(Font)              <6> on input line 408.
LaTeX Font Info:    Try loading font information for U+msa on input line 408.

(/usr/local/texlive/2016/texmf-dist/tex/latex/amsfonts/umsa.fd
File: umsa.fd 2013/01/14 v3.01 AMS symbols A
)
(/usr/local/texlive/2016/texmf-dist/tex/latex/microtype/mt-msa.cfg
File: mt-msa.cfg 2006/02/04 v1.1 microtype config. file: AMS symbols (a) (RS)
)
LaTeX Font Info:    Try loading font information for U+msb on input line 408.

(/usr/local/texlive/2016/texmf-dist/tex/latex/amsfonts/umsb.fd
File: umsb.fd 2013/01/14 v3.01 AMS symbols B
)
(/usr/local/texlive/2016/texmf-dist/tex/latex/microtype/mt-msb.cfg
File: mt-msb.cfg 2005/06/01 v1.0 microtype config. file: AMS symbols (b) (RS)
)
LaTeX Font Info:    Try loading font information for U+wasy on input line 408.

(/usr/local/texlive/2016/texmf-dist/tex/latex/wasysym/uwasy.fd
File: uwasy.fd 2003/10/30 v2.0 Wasy-2 symbol font definitions
) [2]
LaTeX Font Info:    Try loading font information for T1+lmss on input line 412.


(/usr/local/texlive/2016/texmf-dist/tex/latex/lm/t1lmss.fd
File: t1lmss.fd 2009/10/30 v1.6 Font defs for Latin Modern
)
Package microtype Info: Loading generic settings for font family
(microtype)             `lmss' (encoding: T1).
(microtype)             For optimal results, create family-specific settings.
(microtype)             See the microtype manual for details.

(./SupplementaryMaterial/Abstract.tex [3

]) [4] (./TobiF-Dissertation.toc
[5

] [6])
\tf@toc=\write4
\openout4 = `TobiF-Dissertation.toc'.

 [7] (./TobiF-Dissertation.lof
Overfull \hbox (0.27861pt too wide) in paragraph at lines 13--13
 [][] [][]\T1/lmr/m/n/12 (-20) Dilatometer curves of as-received, singly SiO$[]
$-doped, and Na$[]$O/SiO$[]$ 
 []

[8


] [9] [10]
Overfull \hbox (1.11353pt too wide) in paragraph at lines 42--42
 [][] [][]\T1/lmr/m/n/12 (-20) TEM im-age of a MgO-free pow-der sam-ple with 29
/603 ppm Na$[]$O/SiO$[]$.[] []  
 []

[11]
Overfull \hbox (1.94548pt too wide) in paragraph at lines 59--59
 [][] [][]\T1/lmr/m/n/12 (-20) Development of the rel-a-tive den-sity cor-recte
d for shrink-age anisotropy 
 []

)
\tf@lof=\write5
\openout5 = `TobiF-Dissertation.lof'.

 [12] [13] (./TobiF-Dissertation.lot)
\tf@lot=\write6
\openout6 = `TobiF-Dissertation.lot'.

 [14


]
(./SupplementaryMaterial/Acknowledgments.tex) [15


] [16]
\openout2 = `Chapter-1/Chapter-1.aux'.


(./Chapter-1/Chapter-1.tex
Chapter 1.
[1



] [2]

Package hyperref Warning: Token not allowed in a PDF string (PDFDocEncoding):
(hyperref)                removing `math shift' on input line 17.


Package hyperref Warning: Token not allowed in a PDF string (PDFDocEncoding):
(hyperref)                removing `subscript' on input line 17.


Package hyperref Warning: Token not allowed in a PDF string (PDFDocEncoding):
(hyperref)                removing `math shift' on input line 17.


Package hyperref Warning: Token not allowed in a PDF string (PDFDocEncoding):
(hyperref)                removing `math shift' on input line 17.


Package hyperref Warning: Token not allowed in a PDF string (PDFDocEncoding):
(hyperref)                removing `subscript' on input line 17.


Package hyperref Warning: Token not allowed in a PDF string (PDFDocEncoding):
(hyperref)                removing `math shift' on input line 17.

LaTeX Font Info:    External font `cmex7' loaded for size
(Font)              <7> on input line 19.

Package hyperref Warning: Token not allowed in a PDF string (PDFDocEncoding):
(hyperref)                removing `math shift' on input line 19.


Package hyperref Warning: Token not allowed in a PDF string (PDFDocEncoding):
(hyperref)                removing `subscript' on input line 19.


Package hyperref Warning: Token not allowed in a PDF string (PDFDocEncoding):
(hyperref)                removing `math shift' on input line 19.


Package hyperref Warning: Token not allowed in a PDF string (PDFDocEncoding):
(hyperref)                removing `math shift' on input line 19.


Package hyperref Warning: Token not allowed in a PDF string (PDFDocEncoding):
(hyperref)                removing `subscript' on input line 19.


Package hyperref Warning: Token not allowed in a PDF string (PDFDocEncoding):
(hyperref)                removing `math shift' on input line 19.

[3] [4]

Package hyperref Warning: Token not allowed in a PDF string (PDFDocEncoding):
(hyperref)                removing `math shift' on input line 25.


Package hyperref Warning: Token not allowed in a PDF string (PDFDocEncoding):
(hyperref)                removing `subscript' on input line 25.


Package hyperref Warning: Token not allowed in a PDF string (PDFDocEncoding):
(hyperref)                removing `math shift' on input line 25.


Package hyperref Warning: Token not allowed in a PDF string (PDFDocEncoding):
(hyperref)                removing `math shift' on input line 25.


Package hyperref Warning: Token not allowed in a PDF string (PDFDocEncoding):
(hyperref)                removing `subscript' on input line 25.


Package hyperref Warning: Token not allowed in a PDF string (PDFDocEncoding):
(hyperref)                removing `math shift' on input line 25.

[5]

Package hyperref Warning: Token not allowed in a PDF string (PDFDocEncoding):
(hyperref)                removing `math shift' on input line 28.


Package hyperref Warning: Token not allowed in a PDF string (PDFDocEncoding):
(hyperref)                removing `subscript' on input line 28.


Package hyperref Warning: Token not allowed in a PDF string (PDFDocEncoding):
(hyperref)                removing `math shift' on input line 28.


Package hyperref Warning: Token not allowed in a PDF string (PDFDocEncoding):
(hyperref)                removing `math shift' on input line 28.


Package hyperref Warning: Token not allowed in a PDF string (PDFDocEncoding):
(hyperref)                removing `subscript' on input line 28.


Package hyperref Warning: Token not allowed in a PDF string (PDFDocEncoding):
(hyperref)                removing `math shift' on input line 28.

[6]

Package hyperref Warning: Token not allowed in a PDF string (PDFDocEncoding):
(hyperref)                removing `math shift' on input line 49.


Package hyperref Warning: Token not allowed in a PDF string (PDFDocEncoding):
(hyperref)                removing `subscript' on input line 49.


Package hyperref Warning: Token not allowed in a PDF string (PDFDocEncoding):
(hyperref)                removing `math shift' on input line 49.


Package hyperref Warning: Token not allowed in a PDF string (PDFDocEncoding):
(hyperref)                removing `math shift' on input line 49.


Package hyperref Warning: Token not allowed in a PDF string (PDFDocEncoding):
(hyperref)                removing `subscript' on input line 49.


Package hyperref Warning: Token not allowed in a PDF string (PDFDocEncoding):
(hyperref)                removing `math shift' on input line 49.

[7] [8] [9]

Package hyperref Warning: Token not allowed in a PDF string (PDFDocEncoding):
(hyperref)                removing `math shift' on input line 72.


Package hyperref Warning: Token not allowed in a PDF string (PDFDocEncoding):
(hyperref)                removing `subscript' on input line 72.


Package hyperref Warning: Token not allowed in a PDF string (PDFDocEncoding):
(hyperref)                removing `math shift' on input line 72.


Package hyperref Warning: Token not allowed in a PDF string (PDFDocEncoding):
(hyperref)                removing `math shift' on input line 72.


Package hyperref Warning: Token not allowed in a PDF string (PDFDocEncoding):
(hyperref)                removing `subscript' on input line 72.


Package hyperref Warning: Token not allowed in a PDF string (PDFDocEncoding):
(hyperref)                removing `math shift' on input line 72.


Package hyperref Warning: Token not allowed in a PDF string (PDFDocEncoding):
(hyperref)                removing `math shift' on input line 72.


Package hyperref Warning: Token not allowed in a PDF string (PDFDocEncoding):
(hyperref)                removing `subscript' on input line 72.


Package hyperref Warning: Token not allowed in a PDF string (PDFDocEncoding):
(hyperref)                removing `math shift' on input line 72.


Package hyperref Warning: Token not allowed in a PDF string (PDFDocEncoding):
(hyperref)                removing `math shift' on input line 72.


Package hyperref Warning: Token not allowed in a PDF string (PDFDocEncoding):
(hyperref)                removing `subscript' on input line 72.


Package hyperref Warning: Token not allowed in a PDF string (PDFDocEncoding):
(hyperref)                removing `math shift' on input line 72.

[10] [11] [12] [13]
<Chapter-1/Figures/Figure1.png, id=851, 379.1766pt x 270.2898pt>
File: Chapter-1/Figures/Figure1.png Graphic file (type png)

<use Chapter-1/Figures/Figure1.png>
Package pdftex.def Info: Chapter-1/Figures/Figure1.png used on input line 89.
(pdftex.def)             Requested size: 379.17567pt x 270.28914pt.
 [14 <./Chapter-1/Figures/Figure1.png>]
<Chapter-1/Figures/Figure2.png, id=862, 458.6736pt x 222.5916pt>
File: Chapter-1/Figures/Figure2.png Graphic file (type png)

<use Chapter-1/Figures/Figure2.png>
Package pdftex.def Info: Chapter-1/Figures/Figure2.png used on input line 99.
(pdftex.def)             Requested size: 458.67247pt x 222.59105pt.

Overfull \hbox (39.50626pt too wide) in paragraph at lines 99--100
 [][] 
 []

[15 <./Chapter-1/Figures/Figure2.png>]
<Chapter-1/Figures/Figure3.png, id=871, 454.8192pt x 221.628pt>
File: Chapter-1/Figures/Figure3.png Graphic file (type png)

<use Chapter-1/Figures/Figure3.png>
Package pdftex.def Info: Chapter-1/Figures/Figure3.png used on input line 109.
(pdftex.def)             Requested size: 454.81808pt x 221.62746pt.

Overfull \hbox (35.65187pt too wide) in paragraph at lines 109--110
 [][] 
 []

) [16 <./Chapter-1/Figures/Figure3.png>]
\openout2 = `Chapter-2/Chapter-2.aux'.

 (./Chapter-2/Chapter-2.tex
Chapter 2.

Package hyperref Warning: Token not allowed in a PDF string (PDFDocEncoding):
(hyperref)                removing `math shift' on input line 1.


Package hyperref Warning: Token not allowed in a PDF string (PDFDocEncoding):
(hyperref)                removing `subscript' on input line 1.


Package hyperref Warning: Token not allowed in a PDF string (PDFDocEncoding):
(hyperref)                removing `math shift' on input line 1.


Package hyperref Warning: Token not allowed in a PDF string (PDFDocEncoding):
(hyperref)                removing `math shift' on input line 1.


Package hyperref Warning: Token not allowed in a PDF string (PDFDocEncoding):
(hyperref)                removing `subscript' on input line 1.


Package hyperref Warning: Token not allowed in a PDF string (PDFDocEncoding):
(hyperref)                removing `math shift' on input line 1.


Package hyperref Warning: Token not allowed in a PDF string (PDFDocEncoding):
(hyperref)                removing `math shift' on input line 1.


Package hyperref Warning: Token not allowed in a PDF string (PDFDocEncoding):
(hyperref)                removing `subscript' on input line 1.


Package hyperref Warning: Token not allowed in a PDF string (PDFDocEncoding):
(hyperref)                removing `math shift' on input line 1.


Package hyperref Warning: Token not allowed in a PDF string (PDFDocEncoding):
(hyperref)                removing `math shift' on input line 1.


Package hyperref Warning: Token not allowed in a PDF string (PDFDocEncoding):
(hyperref)                removing `subscript' on input line 1.


Package hyperref Warning: Token not allowed in a PDF string (PDFDocEncoding):
(hyperref)                removing `math shift' on input line 1.

LaTeX Font Info:    Calculating math sizes for size <30> on input line 1.

LaTeX Font Warning: Font shape `OMX/cmex/m/n' in size <30> not available
(Font)              size <24.88> substituted on input line 1.


LaTeX Font Warning: Font shape `OMX/cmex/m/n' in size <15> not available
(Font)              size <14.4> substituted on input line 1.


LaTeX Font Warning: Font shape `U/wasy/m/n' in size <30> not available
(Font)              size <24.88> substituted on input line 1.


LaTeX Font Warning: Font shape `U/wasy/m/n' in size <15> not available
(Font)              size <14.4> substituted on input line 1.


Overfull \hbox (41.62534pt too wide) in paragraph at lines 1--1
\T1/lmss/bx/n/30 on Liq-uid Phase Sin-ter-ing of Bayer
 []

[17



] [18]

Package hyperref Warning: Token not allowed in a PDF string (PDFDocEncoding):
(hyperref)                removing `math shift' on input line 18.


Package hyperref Warning: Token not allowed in a PDF string (PDFDocEncoding):
(hyperref)                removing `subscript' on input line 18.


Package hyperref Warning: Token not allowed in a PDF string (PDFDocEncoding):
(hyperref)                removing `math shift' on input line 18.

[19]

Package hyperref Warning: Token not allowed in a PDF string (PDFDocEncoding):
(hyperref)                removing `math shift' on input line 28.


Package hyperref Warning: Token not allowed in a PDF string (PDFDocEncoding):
(hyperref)                removing `subscript' on input line 28.


Package hyperref Warning: Token not allowed in a PDF string (PDFDocEncoding):
(hyperref)                removing `math shift' on input line 28.


Package hyperref Warning: Token not allowed in a PDF string (PDFDocEncoding):
(hyperref)                removing `math shift' on input line 28.


Package hyperref Warning: Token not allowed in a PDF string (PDFDocEncoding):
(hyperref)                removing `subscript' on input line 28.


Package hyperref Warning: Token not allowed in a PDF string (PDFDocEncoding):
(hyperref)                removing `math shift' on input line 28.

[20] [21] [22] [23] [24]

LaTeX Warning: Command \r invalid in math mode on input line 99.

[25] [26] [27] [28] [29

]
<Chapter-2/Figures/Figure1.png, id=1015, 247.1634pt x 212.4738pt>
File: Chapter-2/Figures/Figure1.png Graphic file (type png)

<use Chapter-2/Figures/Figure1.png>
Package pdftex.def Info: Chapter-2/Figures/Figure1.png used on input line 184.
(pdftex.def)             Requested size: 247.16278pt x 212.47327pt.
 [30

 <./Chapter-2/Figures/Figure1.png>]
<Chapter-2/Figures/Figure2.png, id=1021, 382.0674pt x 254.8722pt>
File: Chapter-2/Figures/Figure2.png Graphic file (type png)

<use Chapter-2/Figures/Figure2.png>
Package pdftex.def Info: Chapter-2/Figures/Figure2.png used on input line 194.
(pdftex.def)             Requested size: 419.16621pt x 279.62135pt.
 [31 <./Chapter-2/Figures/Figure2.png>]
<Chapter-2/Figures/Figure3.png, id=1027, 409.53pt x 286.671pt>
File: Chapter-2/Figures/Figure3.png Graphic file (type png)

<use Chapter-2/Figures/Figure3.png>
Package pdftex.def Info: Chapter-2/Figures/Figure3.png used on input line 204.
(pdftex.def)             Requested size: 419.16621pt x 293.43286pt.
 [32 <./Chapter-2/Figures/Figure3.png>]
<Chapter-2/Figures/Figure4.png, id=1033, 409.53pt x 240.4182pt>
File: Chapter-2/Figures/Figure4.png Graphic file (type png)

<use Chapter-2/Figures/Figure4.png>
Package pdftex.def Info: Chapter-2/Figures/Figure4.png used on input line 214.
(pdftex.def)             Requested size: 419.16621pt x 246.08907pt.
 [33 <./Chapter-2/Figures/Figure4.png>]
<Chapter-2/Figures/Figure5.png, id=1040, 409.53pt x 292.4526pt>
File: Chapter-2/Figures/Figure5.png Graphic file (type png)

<use Chapter-2/Figures/Figure5.png>
Package pdftex.def Info: Chapter-2/Figures/Figure5.png used on input line 224.
(pdftex.def)             Requested size: 419.16621pt x 299.35085pt.
 [34 <./Chapter-2/Figures/Figure5.png>]
<Chapter-2/Figures/Figure6.png, id=1046, 409.53pt x 325.215pt>
File: Chapter-2/Figures/Figure6.png Graphic file (type png)

<use Chapter-2/Figures/Figure6.png>
Package pdftex.def Info: Chapter-2/Figures/Figure6.png used on input line 234.
(pdftex.def)             Requested size: 419.16621pt x 332.88603pt.
 [35 <./Chapter-2/Figures/Figure6.png>]
<Chapter-2/Figures/Figure7.png, id=1052, 409.53pt x 174.8934pt>
File: Chapter-2/Figures/Figure7.png Graphic file (type png)

<use Chapter-2/Figures/Figure7.png>
Package pdftex.def Info: Chapter-2/Figures/Figure7.png used on input line 244.
(pdftex.def)             Requested size: 419.16621pt x 179.0187pt.
 [36 <./Chapter-2/Figures/Figure7.png>]
<Chapter-2/Figures/Figure8.png, id=1058, 287.6346pt x 129.6042pt>
File: Chapter-2/Figures/Figure8.png Graphic file (type png)

<use Chapter-2/Figures/Figure8.png>
Package pdftex.def Info: Chapter-2/Figures/Figure8.png used on input line 254.
(pdftex.def)             Requested size: 419.16621pt x 188.87445pt.
 [37 <./Chapter-2/Figures/Figure8.png>]
<Chapter-2/Figures/Figure9.png, id=1064, 409.53pt x 269.3262pt>
File: Chapter-2/Figures/Figure9.png Graphic file (type png)

<use Chapter-2/Figures/Figure9.png>
Package pdftex.def Info: Chapter-2/Figures/Figure9.png used on input line 264.
(pdftex.def)             Requested size: 419.16621pt x 275.67896pt.
) [38 <./Chapter-2/Figures/Figure9.png>]
\openout2 = `Chapter-3/Chapter-3.aux'.


(./Chapter-3/Chapter-3.tex
Chapter 3.
[39



] [40] [41] [42] [43] [44] [45] [46] [47] [48] [49]
Underfull \hbox (badness 10000) in paragraph at lines 110--113

 []

[50] [51] [52] [53] [54] [55

]

LaTeX Warning: Command \r invalid in math mode on input line 223.


LaTeX Warning: Command \r invalid in math mode on input line 223.


LaTeX Warning: Command \r invalid in math mode on input line 223.

[56

] <Chapter-3/Figures/Figure1.png, id=1280, 248.81529pt x 214.74515pt>
File: Chapter-3/Figures/Figure1.png Graphic file (type png)

<use Chapter-3/Figures/Figure1.png>
Package pdftex.def Info: Chapter-3/Figures/Figure1.png used on input line 241.
(pdftex.def)             Requested size: 248.81468pt x 214.74461pt.
 [57

 <./Chapter-3/Figures/Figure1.png>]
<Chapter-3/Figures/Figure2.png, id=1287, 689.4558pt x 841.01631pt>
File: Chapter-3/Figures/Figure2.png Graphic file (type png)

<use Chapter-3/Figures/Figure2.png>
Package pdftex.def Info: Chapter-3/Figures/Figure2.png used on input line 251.
(pdftex.def)             Requested size: 419.16621pt x 511.31244pt.
 [58 <./Chapter-3/Figures/Figure2.png>]
<Chapter-3/Figures/Figure3.png, id=1295, 635.4942pt x 831.5868pt>
File: Chapter-3/Figures/Figure3.png Graphic file (type png)

<use Chapter-3/Figures/Figure3.png>
Package pdftex.def Info: Chapter-3/Figures/Figure3.png used on input line 261.
(pdftex.def)             Requested size: 419.16621pt x 548.51907pt.
 [59 <./Chapter-3/Figures/Figure3.png>]
<Chapter-3/Figures/Figure4.png, id=1303, 408.42874pt x 397.27852pt>
File: Chapter-3/Figures/Figure4.png Graphic file (type png)

<use Chapter-3/Figures/Figure4.png>
Package pdftex.def Info: Chapter-3/Figures/Figure4.png used on input line 271.
(pdftex.def)             Requested size: 419.16621pt x 407.74051pt.
 [60 <./Chapter-3/Figures/Figure4.png>]
<Chapter-3/Figures/Figure5.png, id=1309, 465.9006pt x 299.1978pt>
File: Chapter-3/Figures/Figure5.png Graphic file (type png)

<use Chapter-3/Figures/Figure5.png>
Package pdftex.def Info: Chapter-3/Figures/Figure5.png used on input line 281.
(pdftex.def)             Requested size: 419.16621pt x 269.1979pt.
 [61 <./Chapter-3/Figures/Figure5.png>]
<Chapter-3/Figures/Figure6.png, id=1315, 208.1376pt x 208.1376pt>
File: Chapter-3/Figures/Figure6.png Graphic file (type png)

<use Chapter-3/Figures/Figure6.png>
Package pdftex.def Info: Chapter-3/Figures/Figure6.png used on input line 291.
(pdftex.def)             Requested size: 208.13708pt x 208.13708pt.
 [62 <./Chapter-3/Figures/Figure6.png>]
<Chapter-3/Figures/Figure7.png, id=1321, 423.5022pt x 202.56248pt>
File: Chapter-3/Figures/Figure7.png Graphic file (type png)

<use Chapter-3/Figures/Figure7.png>
Package pdftex.def Info: Chapter-3/Figures/Figure7.png used on input line 301.
(pdftex.def)             Requested size: 419.16621pt x 200.488pt.
 [63 <./Chapter-3/Figures/Figure7.png>]
<Chapter-3/Figures/Figure8.png, id=1328, 428.45786pt x 202.56248pt>
File: Chapter-3/Figures/Figure8.png Graphic file (type png)

<use Chapter-3/Figures/Figure8.png>
Package pdftex.def Info: Chapter-3/Figures/Figure8.png used on input line 311.
(pdftex.def)             Requested size: 419.16621pt x 198.17606pt.
 [64 <./Chapter-3/Figures/Figure8.png>]
<Chapter-3/Figures/Figure9.png, id=1334, 492.3996pt x 659.1024pt>
File: Chapter-3/Figures/Figure9.png Graphic file (type png)

<use Chapter-3/Figures/Figure9.png>
Package pdftex.def Info: Chapter-3/Figures/Figure9.png used on input line 321.
(pdftex.def)             Requested size: 419.16621pt x 561.09453pt.
 [65 <./Chapter-3/Figures/Figure9.png>]
<Chapter-3/Figures/Figure10.png, id=1340, 613.26257pt x 461.70206pt>
File: Chapter-3/Figures/Figure10.png Graphic file (type png)

<use Chapter-3/Figures/Figure10.png>
Package pdftex.def Info: Chapter-3/Figures/Figure10.png used on input line 331.

(pdftex.def)             Requested size: 419.16621pt x 315.57358pt.
 [66 <./Chapter-3/Figures/Figure10.png>]
<Chapter-3/Figures/Figure11.png, id=1348, 845.14603pt x 407.39632pt>
File: Chapter-3/Figures/Figure11.png Graphic file (type png)

<use Chapter-3/Figures/Figure11.png>
Package pdftex.def Info: Chapter-3/Figures/Figure11.png used on input line 341.

(pdftex.def)             Requested size: 419.16621pt x 202.05653pt.
 [67 <./Chapter-3/Figures/Figure11.png>]
<Chapter-3/Figures/Figure12.png, id=1354, 499.6266pt x 592.1322pt>
File: Chapter-3/Figures/Figure12.png Graphic file (type png)

<use Chapter-3/Figures/Figure12.png>
Package pdftex.def Info: Chapter-3/Figures/Figure12.png used on input line 351.

(pdftex.def)             Requested size: 419.16621pt x 496.77327pt.
) [68 <./Chapter-3/Figures/Figure12.png>]
\openout2 = `Chapter-4/Chapter-4.aux'.


(./Chapter-4/Chapter-4.tex
Chapter 4.

Overfull \hbox (35.69685pt too wide) in paragraph at lines 1--1
|\T1/lmss/bx/n/30 Dynamic de-vel-op-ment of nanome-
 []

[69



] [70] [71] [72] [73] [74] [75] [76] [77] [78]

Package hyperref Warning: Token not allowed in a PDF string (PDFDocEncoding):
(hyperref)                removing `math shift' on input line 173.


Package hyperref Warning: Token not allowed in a PDF string (PDFDocEncoding):
(hyperref)                removing `subscript' on input line 173.


Package hyperref Warning: Token not allowed in a PDF string (PDFDocEncoding):
(hyperref)                removing `math shift' on input line 173.


Package hyperref Warning: Token not allowed in a PDF string (PDFDocEncoding):
(hyperref)                removing `math shift' on input line 173.


Package hyperref Warning: Token not allowed in a PDF string (PDFDocEncoding):
(hyperref)                removing `subscript' on input line 173.


Package hyperref Warning: Token not allowed in a PDF string (PDFDocEncoding):
(hyperref)                removing `math shift' on input line 173.

[79] [80] [81] [82]
<Chapter-4/Figures/Figure1.png, id=1517, 385.9218pt x 658.6206pt>
File: Chapter-4/Figures/Figure1.png Graphic file (type png)

<use Chapter-4/Figures/Figure1.png>
Package pdftex.def Info: Chapter-4/Figures/Figure1.png used on input line 194.
(pdftex.def)             Requested size: 308.73785pt x 526.89719pt.
 [83 <./Chapter-4/Figures/Figure1.png>]
<Chapter-4/Figures/Figure2.png, id=1523, 583.4598pt x 250.536pt>
File: Chapter-4/Figures/Figure2.png Graphic file (type png)

<use Chapter-4/Figures/Figure2.png>
Package pdftex.def Info: Chapter-4/Figures/Figure2.png used on input line 204.
(pdftex.def)             Requested size: 419.16621pt x 179.992pt.
 [84 <./Chapter-4/Figures/Figure2.png>]
<Chapter-4/Figures/Figure3.png, id=1529, 385.9218pt x 667.293pt>
File: Chapter-4/Figures/Figure3.png Graphic file (type png)

<use Chapter-4/Figures/Figure3.png>
Package pdftex.def Info: Chapter-4/Figures/Figure3.png used on input line 214.
(pdftex.def)             Requested size: 308.73785pt x 533.83513pt.
 [85 <./Chapter-4/Figures/Figure3.png>]
<Chapter-4/Figures/Figure4.png, id=1535, 569.0058pt x 308.8338pt>
File: Chapter-4/Figures/Figure4.png Graphic file (type png)

<use Chapter-4/Figures/Figure4.png>
Package pdftex.def Info: Chapter-4/Figures/Figure4.png used on input line 224.
(pdftex.def)             Requested size: 419.16621pt x 227.50612pt.
 [86 <./Chapter-4/Figures/Figure4.png>]
<Chapter-4/Figures/Figure5.png, id=1541, 422.5386pt x 283.7802pt>
File: Chapter-4/Figures/Figure5.png Graphic file (type png)

<use Chapter-4/Figures/Figure5.png>
Package pdftex.def Info: Chapter-4/Figures/Figure5.png used on input line 234.
(pdftex.def)             Requested size: 419.16621pt x 281.51917pt.
 [87 <./Chapter-4/Figures/Figure5.png>]
<Chapter-4/Figures/Figure6.png, id=1548, 422.5386pt x 248.6088pt>
File: Chapter-4/Figures/Figure6.png Graphic file (type png)

<use Chapter-4/Figures/Figure6.png>
Package pdftex.def Info: Chapter-4/Figures/Figure6.png used on input line 244.
(pdftex.def)             Requested size: 338.03134pt x 198.88728pt.
 [88 <./Chapter-4/Figures/Figure6.png>]
<Chapter-4/Figures/Figure7.png, id=1554, 582.978pt x 359.9046pt>
File: Chapter-4/Figures/Figure7.png Graphic file (type png)

<use Chapter-4/Figures/Figure7.png>
Package pdftex.def Info: Chapter-4/Figures/Figure7.png used on input line 254.
(pdftex.def)             Requested size: 419.16621pt x 258.77415pt.
 [89 <./Chapter-4/Figures/Figure7.png>]
<Chapter-4/Figures/Figure8.png, id=1560, 361.35pt x 249.5724pt>
File: Chapter-4/Figures/Figure8.png Graphic file (type png)

<use Chapter-4/Figures/Figure8.png>
Package pdftex.def Info: Chapter-4/Figures/Figure8.png used on input line 264.
(pdftex.def)             Requested size: 419.16621pt x 289.50798pt.
 [90 <./Chapter-4/Figures/Figure8.png>]
<Chapter-4/Figures/Figure9.png, id=1566, 588.7596pt x 364.7226pt>
File: Chapter-4/Figures/Figure9.png Graphic file (type png)

<use Chapter-4/Figures/Figure9.png>
Package pdftex.def Info: Chapter-4/Figures/Figure9.png used on input line 274.
(pdftex.def)             Requested size: 419.16621pt x 259.66162pt.
 [91 <./Chapter-4/Figures/Figure9.png>]
<Chapter-4/Figures/Figure10.png, id=1572, 439.8834pt x 442.2924pt>
File: Chapter-4/Figures/Figure10.png Graphic file (type png)

<use Chapter-4/Figures/Figure10.png>
Package pdftex.def Info: Chapter-4/Figures/Figure10.png used on input line 284.

(pdftex.def)             Requested size: 419.16621pt x 421.46442pt.
 [92 <./Chapter-4/Figures/Figure10.png>]
<Chapter-4/Figures/Figure11.png, id=1578, 191.7564pt x 197.0562pt>
File: Chapter-4/Figures/Figure11.png Graphic file (type png)

<use Chapter-4/Figures/Figure11.png>
Package pdftex.def Info: Chapter-4/Figures/Figure11.png used on input line 294.

(pdftex.def)             Requested size: 191.7559pt x 197.05571pt.
 [93 <./Chapter-4/Figures/Figure11.png>]
<Chapter-4/Figures/Figure12.png, id=1585, 185.9748pt x 499.6266pt>
File: Chapter-4/Figures/Figure12.png Graphic file (type png)

<use Chapter-4/Figures/Figure12.png>
Package pdftex.def Info: Chapter-4/Figures/Figure12.png used on input line 304.

(pdftex.def)             Requested size: 185.97433pt x 499.62538pt.
) [94 <./Chapter-4/Figures/Figure12.png>]
\openout2 = `Chapter-5/Chapter-5.aux'.


(./Chapter-5/Chapter-5.tex
Chapter 5.

Overfull \hbox (19.12701pt too wide) in paragraph at lines 1--1
|\T1/lmss/bx/n/30 Second phase for-ma-tion in Bayer
 []

[95



] [96] [97] [98]

Package hyperref Warning: Token not allowed in a PDF string (PDFDocEncoding):
(hyperref)                removing `math shift' on input line 32.


Package hyperref Warning: Token not allowed in a PDF string (PDFDocEncoding):
(hyperref)                removing `\beta' on input line 32.


Package hyperref Warning: Token not allowed in a PDF string (PDFDocEncoding):
(hyperref)                removing `math shift' on input line 32.


Package hyperref Warning: Token not allowed in a PDF string (PDFDocEncoding):
(hyperref)                removing `math shift' on input line 32.


Package hyperref Warning: Token not allowed in a PDF string (PDFDocEncoding):
(hyperref)                removing `subscript' on input line 32.


Package hyperref Warning: Token not allowed in a PDF string (PDFDocEncoding):
(hyperref)                removing `math shift' on input line 32.


Package hyperref Warning: Token not allowed in a PDF string (PDFDocEncoding):
(hyperref)                removing `math shift' on input line 32.


Package hyperref Warning: Token not allowed in a PDF string (PDFDocEncoding):
(hyperref)                removing `subscript' on input line 32.


Package hyperref Warning: Token not allowed in a PDF string (PDFDocEncoding):
(hyperref)                removing `math shift' on input line 32.

[99] [100] [101] [102] [103] [104

]
<Chapter-5/Figures/Figure1.png, id=1684, 410.0118pt x 183.5658pt>
File: Chapter-5/Figures/Figure1.png Graphic file (type png)

<use Chapter-5/Figures/Figure1.png>
Package pdftex.def Info: Chapter-5/Figures/Figure1.png used on input line 118.
(pdftex.def)             Requested size: 419.16621pt x 187.66878pt.
 [105

 <./Chapter-5/Figures/Figure1.png>]
<Chapter-5/Figures/Figure2.png, id=1691, 648.021pt x 682.7106pt>
File: Chapter-5/Figures/Figure2.png Graphic file (type png)

<use Chapter-5/Figures/Figure2.png>
Package pdftex.def Info: Chapter-5/Figures/Figure2.png used on input line 128.
(pdftex.def)             Requested size: 388.8156pt x 409.62952pt.
 [106 <./Chapter-5/Figures/Figure2.png>]
<Chapter-5/Figures/Figure3.png, id=1697, 419.6478pt x 684.156pt>
File: Chapter-5/Figures/Figure3.png Graphic file (type png)

<use Chapter-5/Figures/Figure3.png>
Package pdftex.def Info: Chapter-5/Figures/Figure3.png used on input line 138.
(pdftex.def)             Requested size: 335.71869pt x 547.32555pt.
 [107 <./Chapter-5/Figures/Figure3.png>]
<Chapter-5/Figures/Figure4.png, id=1703, 618.1494pt x 363.759pt>
File: Chapter-5/Figures/Figure4.png Graphic file (type png)

<use Chapter-5/Figures/Figure4.png>
Package pdftex.def Info: Chapter-5/Figures/Figure4.png used on input line 148.
(pdftex.def)             Requested size: 419.16621pt x 246.67014pt.
 [108 <./Chapter-5/Figures/Figure4.png>]
<Chapter-5/Figures/Figure5.png, id=1709, 248.6088pt x 677.4108pt>
File: Chapter-5/Figures/Figure5.png Graphic file (type png)

<use Chapter-5/Figures/Figure5.png>
Package pdftex.def Info: Chapter-5/Figures/Figure5.png used on input line 158.
(pdftex.def)             Requested size: 208.82994pt x 569.0212pt.

Overfull \vbox (14.44756pt too high) has occurred while \output is active []


[109 <./Chapter-5/Figures/Figure5.png>]
<Chapter-5/Figures/Figure6.png, id=1715, 361.8318pt x 219.219pt>
File: Chapter-5/Figures/Figure6.png Graphic file (type png)

<use Chapter-5/Figures/Figure6.png>
Package pdftex.def Info: Chapter-5/Figures/Figure6.png used on input line 168.
(pdftex.def)             Requested size: 303.93665pt x 184.14268pt.
 [110 <./Chapter-5/Figures/Figure6.png>]
<Chapter-5/Figures/Figure7.png, id=1721, 393.1488pt x 459.6372pt>
File: Chapter-5/Figures/Figure7.png Graphic file (type png)

<use Chapter-5/Figures/Figure7.png>
Package pdftex.def Info: Chapter-5/Figures/Figure7.png used on input line 178.
(pdftex.def)             Requested size: 393.14784pt x 459.63608pt.
 [111 <./Chapter-5/Figures/Figure7.png>]
<Chapter-5/Figures/Figure8.png, id=1728, 248.6088pt x 461.0826pt>
File: Chapter-5/Figures/Figure8.png Graphic file (type png)

<use Chapter-5/Figures/Figure8.png>
Package pdftex.def Info: Chapter-5/Figures/Figure8.png used on input line 188.
(pdftex.def)             Requested size: 203.86052pt x 378.09018pt.
 [112 <./Chapter-5/Figures/Figure8.png>]
<Chapter-5/Figures/Figure9.png, id=1734, 380.1402pt x 463.4916pt>
File: Chapter-5/Figures/Figure9.png Graphic file (type png)

<use Chapter-5/Figures/Figure9.png>
Package pdftex.def Info: Chapter-5/Figures/Figure9.png used on input line 198.
(pdftex.def)             Requested size: 380.13925pt x 463.49045pt.
 [113 <./Chapter-5/Figures/Figure9.png>]
<Chapter-5/Figures/Figure10.png, id=1740, 520.344pt x 744.381pt>
File: Chapter-5/Figures/Figure10.png Graphic file (type png)

<use Chapter-5/Figures/Figure10.png>
Package pdftex.def Info: Chapter-5/Figures/Figure10.png used on input line 208.

(pdftex.def)             Requested size: 364.2383pt x 521.06314pt.
 [114 <./Chapter-5/Figures/Figure10.png>]
<Chapter-5/Figures/Figure11.png, id=1746, 222.5916pt x 222.5916pt>
File: Chapter-5/Figures/Figure11.png Graphic file (type png)

<use Chapter-5/Figures/Figure11.png>
Package pdftex.def Info: Chapter-5/Figures/Figure11.png used on input line 218.

(pdftex.def)             Requested size: 222.59105pt x 222.59105pt.
) [115 <./Chapter-5/Figures/Figure11.png>]
\openout2 = `Chapter-6/Chapter-6.aux'.


(./Chapter-6/Chapter-6.tex
Chapter 6.
[116



] [117] [118] [119] [120]

Package hyperref Warning: Token not allowed in a PDF string (PDFDocEncoding):
(hyperref)                removing `math shift' on input line 85.


Package hyperref Warning: Token not allowed in a PDF string (PDFDocEncoding):
(hyperref)                removing `math shift' on input line 85.

[121] [122] [123] [124] [125] [126] [127] [128]
Overfull \hbox (16.54114pt too wide) in paragraph at lines 154--193
 [][] 
 []

[129] <Chapter-6/Figures/Figure1.png, id=1897, 407.121pt x 697.6464pt>
File: Chapter-6/Figures/Figure1.png Graphic file (type png)

<use Chapter-6/Figures/Figure1.png>
Package pdftex.def Info: Chapter-6/Figures/Figure1.png used on input line 200.
(pdftex.def)             Requested size: 325.69725pt x 558.11787pt.

Overfull \vbox (4.15259pt too high) has occurred while \output is active []


[130 <./Chapter-6/Figures/Figure1.png>]
<Chapter-6/Figures/Figure2.png, id=1904, 468.3096pt x 285.2256pt>
File: Chapter-6/Figures/Figure2.png Graphic file (type png)

<use Chapter-6/Figures/Figure2.png>
Package pdftex.def Info: Chapter-6/Figures/Figure2.png used on input line 210.
(pdftex.def)             Requested size: 419.16621pt x 255.30795pt.
 [131 <./Chapter-6/Figures/Figure2.png>]
<Chapter-6/Figures/Figure3.png, id=1910, 484.6908pt x 285.2256pt>
File: Chapter-6/Figures/Figure3.png Graphic file (type png)

<use Chapter-6/Figures/Figure3.png>
Package pdftex.def Info: Chapter-6/Figures/Figure3.png used on input line 220.
(pdftex.def)             Requested size: 419.16621pt x 246.6645pt.
 [132 <./Chapter-6/Figures/Figure3.png>]
<Chapter-6/Figures/Figure4.png, id=1916, 506.8536pt x 361.8318pt>
File: Chapter-6/Figures/Figure4.png Graphic file (type png)

<use Chapter-6/Figures/Figure4.png>
Package pdftex.def Info: Chapter-6/Figures/Figure4.png used on input line 230.
(pdftex.def)             Requested size: 419.16621pt x 299.23817pt.
 [133 <./Chapter-6/Figures/Figure4.png>]
<Chapter-6/Figures/Figure5.png, id=1922, 678.3744pt x 462.0462pt>
File: Chapter-6/Figures/Figure5.png Graphic file (type png)

<use Chapter-6/Figures/Figure5.png>
Package pdftex.def Info: Chapter-6/Figures/Figure5.png used on input line 240.
(pdftex.def)             Requested size: 419.16621pt x 285.50684pt.
 [134 <./Chapter-6/Figures/Figure5.png>]
<Chapter-6/Figures/Figure6.png, id=1928, 688.4922pt x 502.5174pt>
File: Chapter-6/Figures/Figure6.png Graphic file (type png)

<use Chapter-6/Figures/Figure6.png>
Package pdftex.def Info: Chapter-6/Figures/Figure6.png used on input line 250.
(pdftex.def)             Requested size: 419.16621pt x 305.94473pt.
 [135 <./Chapter-6/Figures/Figure6.png>]
<Chapter-6/Figures/Figure7.png, id=1935, 722.7pt x 1413.6012pt>
File: Chapter-6/Figures/Figure7.png Graphic file (type png)

<use Chapter-6/Figures/Figure7.png>
Package pdftex.def Info: Chapter-6/Figures/Figure7.png used on input line 260.
(pdftex.def)             Requested size: 289.07487pt x 565.43047pt.

Overfull \vbox (10.85683pt too high) has occurred while \output is active []


[136 <./Chapter-6/Figures/Figure7.png>]
<Chapter-6/Figures/Figure8.png, id=1941, 722.7pt x 461.0826pt>
File: Chapter-6/Figures/Figure8.png Graphic file (type png)

<use Chapter-6/Figures/Figure8.png>
Package pdftex.def Info: Chapter-6/Figures/Figure8.png used on input line 270.
(pdftex.def)             Requested size: 419.16621pt x 267.42809pt.
 [137 <./Chapter-6/Figures/Figure8.png>]
<Chapter-6/Figures/Figure9.png, id=1947, 722.7pt x 461.0826pt>
File: Chapter-6/Figures/Figure9.png Graphic file (type png)

<use Chapter-6/Figures/Figure9.png>
Package pdftex.def Info: Chapter-6/Figures/Figure9.png used on input line 280.
(pdftex.def)             Requested size: 419.16621pt x 267.42809pt.
 [138 <./Chapter-6/Figures/Figure9.png>]
<Chapter-6/Figures/Figure10.png, id=1953, 645.1302pt x 466.3824pt>
File: Chapter-6/Figures/Figure10.png Graphic file (type png)

<use Chapter-6/Figures/Figure10.png>
Package pdftex.def Info: Chapter-6/Figures/Figure10.png used on input line 290.

(pdftex.def)             Requested size: 419.16621pt x 303.02399pt.
 [139 <./Chapter-6/Figures/Figure10.png>]
<Chapter-6/Figures/Figure11.png, id=1959, 571.4148pt x 373.395pt>
File: Chapter-6/Figures/Figure11.png Graphic file (type png)

<use Chapter-6/Figures/Figure11.png>
Package pdftex.def Info: Chapter-6/Figures/Figure11.png used on input line 300.

(pdftex.def)             Requested size: 419.16621pt x 273.9093pt.
) [140 <./Chapter-6/Figures/Figure11.png>]
\openout2 = `Chapter-7/Chapter-7.aux'.


(./Chapter-7/Chapter-7.tex
Chapter 7.

Package hyperref Warning: Token not allowed in a PDF string (PDFDocEncoding):
(hyperref)                removing `math shift' on input line 6.


Package hyperref Warning: Token not allowed in a PDF string (PDFDocEncoding):
(hyperref)                removing `subscript' on input line 6.


Package hyperref Warning: Token not allowed in a PDF string (PDFDocEncoding):
(hyperref)                removing `math shift' on input line 6.


Package hyperref Warning: Token not allowed in a PDF string (PDFDocEncoding):
(hyperref)                removing `math shift' on input line 6.


Package hyperref Warning: Token not allowed in a PDF string (PDFDocEncoding):
(hyperref)                removing `subscript' on input line 6.


Package hyperref Warning: Token not allowed in a PDF string (PDFDocEncoding):
(hyperref)                removing `math shift' on input line 6.


Package hyperref Warning: Token not allowed in a PDF string (PDFDocEncoding):
(hyperref)                removing `math shift' on input line 6.


Package hyperref Warning: Token not allowed in a PDF string (PDFDocEncoding):
(hyperref)                removing `subscript' on input line 6.


Package hyperref Warning: Token not allowed in a PDF string (PDFDocEncoding):
(hyperref)                removing `math shift' on input line 6.


Package hyperref Warning: Token not allowed in a PDF string (PDFDocEncoding):
(hyperref)                removing `math shift' on input line 6.


Package hyperref Warning: Token not allowed in a PDF string (PDFDocEncoding):
(hyperref)                removing `subscript' on input line 6.


Package hyperref Warning: Token not allowed in a PDF string (PDFDocEncoding):
(hyperref)                removing `math shift' on input line 6.

[141



]

Package hyperref Warning: Token not allowed in a PDF string (PDFDocEncoding):
(hyperref)                removing `math shift' on input line 11.


Package hyperref Warning: Token not allowed in a PDF string (PDFDocEncoding):
(hyperref)                removing `subscript' on input line 11.


Package hyperref Warning: Token not allowed in a PDF string (PDFDocEncoding):
(hyperref)                removing `math shift' on input line 11.


Package hyperref Warning: Token not allowed in a PDF string (PDFDocEncoding):
(hyperref)                removing `math shift' on input line 11.


Package hyperref Warning: Token not allowed in a PDF string (PDFDocEncoding):
(hyperref)                removing `subscript' on input line 11.


Package hyperref Warning: Token not allowed in a PDF string (PDFDocEncoding):
(hyperref)                removing `math shift' on input line 11.

[142] [143] [144] [145] [146]) [147] (./TobiF-Dissertation.bbl
Package microtype Info: Character `029' is missing
(microtype)             in font `T1/lmr/m/sc/12'.
(microtype)             Ignoring protrusion settings for this character.
 [148


] [149]
[150] [151] [152] [153]
LaTeX Font Info:    Try loading font information for T1+lmtt on input line 437.


(/usr/local/texlive/2016/texmf-dist/tex/latex/lm/t1lmtt.fd
File: t1lmtt.fd 2009/10/30 v1.6 Font defs for Latin Modern
)
Package microtype Info: Loading generic settings for font family
(microtype)             `lmtt' (encoding: T1).
(microtype)             For optimal results, create family-specific settings.
(microtype)             See the microtype manual for details.
 [154] [155]
[156]) [157] (./SupplementaryMaterial/Vita.tex
Underfull \hbox (badness 10000) in paragraph at lines 3--7

 []

)
Package atveryend Info: Empty hook `BeforeClearDocument' on input line 524.
 [158

]
Package atveryend Info: Empty hook `AfterLastShipout' on input line 524.
 (./TobiF-Dissertation.aux (./Chapter-1/Chapter-1.aux)
(./Chapter-2/Chapter-2.aux) (./Chapter-3/Chapter-3.aux)
(./Chapter-4/Chapter-4.aux) (./Chapter-5/Chapter-5.aux)
(./Chapter-6/Chapter-6.aux) (./Chapter-7/Chapter-7.aux))
Package atveryend Info: Executing hook `AtVeryEndDocument' on input line 524.
Package atveryend Info: Executing hook `AtEndAfterFileList' on input line 524.
Package rerunfilecheck Info: File `TobiF-Dissertation.out' has not changed.
(rerunfilecheck)             Checksum: 0783409CF1300F9653F5C61042023CB9;5091.


LaTeX Font Warning: Size substitutions with differences
(Font)              up to 5.12pt have occurred.

Package atveryend Info: Empty hook `AtVeryVeryEnd' on input line 524.
 ) 
Here is how much of TeX's memory you used:
 12862 strings out of 493014
 196726 string characters out of 6133351
 340737 words of memory out of 5000000
 15327 multiletter control sequences out of 15000+600000
 155291 words of font info for 279 fonts, out of 8000000 for 9000
 1141 hyphenation exceptions out of 8191
 35i,11n,45p,2608b,757s stack positions out of 5000i,500n,10000p,200000b,80000s
{/usr/local/texlive/2016/texmf-dist/fonts/enc/dvips/lm/lm-ec.enc}{/usr/local/
texlive/2016/texmf-dist/fonts/enc/dvips/lm/lm-mathit.enc}{/usr/local/texlive/20
16/texmf-dist/fonts/enc/dvips/lm/lm-rm.enc}{/usr/local/texlive/2016/texmf-dist/
fonts/enc/dvips/lm/lm-mathsy.enc}{/usr/local/texlive/2016/texmf-dist/fonts/enc/
dvips/lm/lm-ts1.enc}</usr/local/texlive/2016/texmf-dist/fonts/type1/public/amsf
onts/cm/cmex10.pfb></usr/local/texlive/2016/texmf-dist/fonts/type1/public/lm/lm
bx10.pfb></usr/local/texlive/2016/texmf-dist/fonts/type1/public/lm/lmbx12.pfb><
/usr/local/texlive/2016/texmf-dist/fonts/type1/public/lm/lmcsc10.pfb></usr/loca
l/texlive/2016/texmf-dist/fonts/type1/public/lm/lmmi10.pfb></usr/local/texlive/
2016/texmf-dist/fonts/type1/public/lm/lmmi12.pfb></usr/local/texlive/2016/texmf
-dist/fonts/type1/public/lm/lmmi6.pfb></usr/local/texlive/2016/texmf-dist/fonts
/type1/public/lm/lmmi8.pfb></usr/local/texlive/2016/texmf-dist/fonts/type1/publ
ic/lm/lmr10.pfb></usr/local/texlive/2016/texmf-dist/fonts/type1/public/lm/lmr12
.pfb></usr/local/texlive/2016/texmf-dist/fonts/type1/public/lm/lmr17.pfb></usr/
local/texlive/2016/texmf-dist/fonts/type1/public/lm/lmr6.pfb></usr/local/texliv
e/2016/texmf-dist/fonts/type1/public/lm/lmr8.pfb></usr/local/texlive/2016/texmf
-dist/fonts/type1/public/lm/lmri12.pfb></usr/local/texlive/2016/texmf-dist/font
s/type1/public/lm/lmssbx10.pfb></usr/local/texlive/2016/texmf-dist/fonts/type1/
public/lm/lmsy10.pfb></usr/local/texlive/2016/texmf-dist/fonts/type1/public/lm/
lmsy6.pfb></usr/local/texlive/2016/texmf-dist/fonts/type1/public/lm/lmsy8.pfb><
/usr/local/texlive/2016/texmf-dist/fonts/type1/public/lm/lmtt12.pfb></usr/local
/texlive/2016/texmf-dist/fonts/type1/public/amsfonts/symbols/msbm10.pfb>
Output written on TobiF-Dissertation.pdf (174 pages, 29953366 bytes).
PDF statistics:
 2234 PDF objects out of 2487 (max. 8388607)
 1897 compressed objects within 19 object streams
 462 named destinations out of 1000 (max. 500000)
 39731 words of extra memory for PDF output out of 42996 (max. 10000000)

