\BOOKMARK [0][-]{chapter*.3}{List of Figures}{}% 1
\BOOKMARK [0][-]{chapter*.4}{List of Tables}{}% 2
\BOOKMARK [0][-]{chapter*.5}{List of Symbols}{}% 3
\BOOKMARK [0][-]{chapter*.6}{Acknowledgments}{}% 4
\BOOKMARK [0][-]{chapter.1}{Statement of Problem}{}% 5
\BOOKMARK [1][-]{section.1.1}{section1.1}{chapter.1}% 6
\BOOKMARK [2][-]{subsection.1.1.1}{subsection1.1.1}{section.1.1}% 7
\BOOKMARK [0][-]{chapter.2}{Introduction}{}% 8
\BOOKMARK [1][-]{section.2.1}{section2.1}{chapter.2}% 9
\BOOKMARK [1][-]{section.2.2}{section2.2}{chapter.2}% 10
\BOOKMARK [0][-]{chapter.3}{The Effects of Na2O and SiO2 on Liquid Phase Sintering of Bayer Al2O3}{}% 11
\BOOKMARK [1][-]{section.3.1}{Introduction}{chapter.3}% 12
\BOOKMARK [1][-]{section.3.2}{Experimental}{chapter.3}% 13
\BOOKMARK [1][-]{section.3.3}{Results}{chapter.3}% 14
\BOOKMARK [2][-]{subsection.3.3.1}{Effects of Na2O-doping}{section.3.3}% 15
\BOOKMARK [0][-]{chapter.4}{Powder Chemistry Effects on the Sintering Behavior of MgO-doped Bayer Alumina}{}% 16
\BOOKMARK [1][-]{section.4.1}{Introduction}{chapter.4}% 17
\BOOKMARK [1][-]{section.4.2}{More Declaration}{chapter.4}% 18
\BOOKMARK [2][-]{subsection.4.2.1}{Some nonsense here}{section.4.2}% 19
\BOOKMARK [2][-]{subsection.4.2.2}{Some additional nonsense here}{section.4.2}% 20
\BOOKMARK [0][-]{chapter.5}{Powder Chemistry Effects on Grain Boundaries During Densification of Bayer Alumina}{}% 21
\BOOKMARK [1][-]{section.5.1}{Introduction}{chapter.5}% 22
\BOOKMARK [1][-]{section.5.2}{More Declaration}{chapter.5}% 23
\BOOKMARK [0][-]{chapter.6}{-Al2O3: A Model System for the Formation of Second Phases in Al2O3}{}% 24
\BOOKMARK [1][-]{section.6.1}{Introduction}{chapter.6}% 25
\BOOKMARK [1][-]{section.6.2}{More Declaration}{chapter.6}% 26
\BOOKMARK [0][-]{chapter.7}{Summary and Future Work}{}% 27
\BOOKMARK [1][-]{section.7.1}{Introduction}{chapter.7}% 28
\BOOKMARK [1][-]{section.7.2}{More Declaration}{chapter.7}% 29
\BOOKMARK [0][-]{section.7.2}{Bibliography}{}% 30
